<?xml version="1.0" encoding="UTF-8"?>
<!-- Generated by org.testng.reporters.JUnitReportReporter -->
<testsuite skipped="0" hostname="DESKTOP-UP4KJOL" name="com.IB.Test.TestNgTC1" tests="4" failures="0" timestamp="2020-07-31T03:52:26 IST" time="0.013" errors="0">
  <testcase name="Additoin" time="0.003" classname="com.IB.Test.TestNgTC1"/>
  <system-out/>
  <testcase name="Subtraction" time="0.007" classname="com.IB.Test.TestNgTC1"/>
  <system-out/>
  <testcase name="Multiplication" time="0.001" classname="com.IB.Test.TestNgTC1"/>
  <system-out/>
  <testcase name="Dividation" time="0.002" classname="com.IB.Test.TestNgTC1"/>
  <system-out/>
</testsuite> <!-- com.IB.Test.TestNgTC1 -->
